Case #1: CAB
Case #2: MJA
Case #3: OCDE
Case #4: BBAAA
Case #5: CCCABBBAB
Case #6: CCCBAABAB
Case #7: ZXCASDQWE
Case #8: CCCCCBBABBAAABA
Case #9: CCCCCCCBABABAAA
Case #10: CCCCCCCAABABAAA
Case #11: BAAA
Case #12: MMJAGEBACDFHIKL
Case #13: Z
Case #14: CCCBABAAAABABAB
Case #15: OMAJIBGHKFDLENC
Case #16: ZDCBA
Case #17: CCCCCCCBBAAABAB
Case #18: BBA
Case #19: MMBDFGHKALJIECA
Case #20: MMLAIHGFEDCBAJK
Case #21: CAB
Case #22: ONMDBCFEGJIHKLA
Case #23: OMILDJNHGFEKCBA
Case #24: ZAYBXCWDUE
Case #25: ZYWLLJGJQTGQVGY
Case #26: ZABYCXDWEU
Case #27: MMABCIKLAJHGFED
Case #28: CCCCCCCABAABBAA
Case #29: CCCCCBBBBBAAAAA
Case #30: CCCCCBBBBBAAAAA
Case #31: CCCCBBAAABAABAA
Case #32: CCCCCBBBBBAAAAA
Case #33: ZEDCBAYXWU
Case #34: CBBBAAAAAAAAB
Case #35: ZZWRNFMVVDDSQLP
Case #36: ZADBC
Case #37: CCCCCCBAAAABABA
Case #38: A
Case #39: OMLGDIJHNKFECBA
Case #40: ZACBA
Case #41: OGHLINKJMFEBCAD
Case #42: CCCCBABAABAABBA
Case #43: BAA
Case #44: ONMLBCDEFGHIJKA
Case #45: OMKFNJDIGLEHCBA
Case #46: CCCCCBBBBBAAAAA
Case #47: BA
Case #48: AAA
Case #49: CBA
Case #50: DCCCBAAABBAABA
Case #51: DCBBBBBBBBAAAA
Case #52: ZAAAA
Case #53: CBA
Case #54: MMKIFEDABCGHJLA
Case #55: BBA
Case #56: CCCCCCCCBBBABAB
Case #57: BAAA
Case #58: AA
Case #59: ONMHCDLAGBIJKEF
Case #60: CCCCCAAABBABBBA
Case #61: CCBBBBBBBAAAA
Case #62: CCBBBBBBAAAABA
Case #63: ZDABC
Case #64: YVQMJGBQLJBQPVN
Case #65: BBA
Case #66: RRBAACADABA
Case #67: CCCCCBBBABABBBA
Case #68: BAAA
Case #69: DDDCCCBAAABBBA
Case #70: CCCCCBBBBAAAAAB
Case #71: YXVVVPHNNFPSFBN
Case #72: CCCCCBBBBABAAAA
Case #73: ZXKNHTRDHVJWGGD
Case #74: CCCCCBBBBBAAAAA
Case #75: BBBBBAAAAAAAA
Case #76: BAA
Case #77: CCCCCAABAABBBBA
Case #78: CCCCBAABAABABAB
Case #79: ONMHBCDEFGAJKLI
Case #80: BBB
Case #81: BAAA
Case #82: CCCCCCCBBAABBBA
Case #83: CBA
Case #84: CCCCCCBABBBABBA
Case #85: CBBAAAAAABABA
Case #86: ZABCD
Case #87: BAA
Case #88: BB
Case #89: DCBBBAAAAABBA
Case #90: CCCCCCBABAABBBA
Case #91: CCCCCCCCAABBABB
Case #92: DCBBAAAAAABCB
Case #93: CCCCCABAABBABAB
Case #94: CCBBBBAAABABA
Case #95: MMKJIHFAALGEDCB
Case #96: OLDMKIJHGFEACBN
Case #97: BA
Case #98: CCCCCBBBBBAAAAA
Case #99: CBA
Case #100: CCCCCCCABBBBAAA
