Case #1: 3 4 6
Case #2: 2 3 4
Case #3: 2 4 5 7 8 9 10 11
Case #4: 22 222
Case #5: 24 45 56 69
Case #6: 2 5 7 10 13 16 19 21 24 25
Case #7: 4 6 8 11 13 15 17
Case #8: 5 13 20 26 31 32 33 34 35 54
Case #9: 2 6
Case #10: 12 16 18 20 22 23 25 27 28 30
Case #11: 4 8
Case #12: 12 19 24 27 29 33 37 41 43 46
Case #13: 2 3 4 5 6 7
Case #14: 3 4 5 6
Case #15: 2 3
Case #16: 1 2 3
Case #17: 19 29 31 32 33 41 43 47 48 51
Case #18: 2 6 10 14
Case #19: 2 5 6 8
Case #20: 11 18 22 26 30 35 39 44
Case #21: 8 9 10 11 12 13 14
Case #22: 3 8 10 12
Case #23: 8 11 12 16 17
Case #24: 19 22 25 29 32 37 41 45 48
Case #25: 3 7 10
Case #26: 7 8 10 11 13
Case #27: 6 8
Case #28: 4 5 7
Case #29: 11 16 17 21 25 27 28 32 35
Case #30: 9 19 29 39 49 59 69 79 89 99
Case #31: 4 5 6 7 8 9 10
Case #32: 90 108 126 153 175 200 213 229 254 259
Case #33: 12 15 16 19 20 23 26
Case #34: 8 10 11 14 15 18 24 27 31
Case #35: 2 5
Case #36: 2 22
Case #37: 9 15 20 22 26
Case #38: 3 4 7
Case #39: 4 5 6 7 8 9 10 11 12 13
Case #40: 8 10 12 13
Case #41: 10 11 12 13 15 19 20 22 23 24
Case #42: 7 11
Case #43: 8 12 16 19 21 25 26 28 30
Case #44: 2 4
Case #45: 3 4 5
Case #46: 5 10 14 17 19 20 30
Case #47: 80 83 114 121 131 150 173
Case #48: 19 23 24 29 33 39 41 45 48
Case #49: 4 7 9 11
Case #50: 7 10 13 17 19 21 23
